<?xml version="1.0" encoding="UTF-8"?>
<!-- Generated by org.testng.reporters.JUnitXMLReporter -->
<testsuite ignored="4" hostname="M5414133" failures="0" tests="2" name="Test" time="13.997" errors="0" timestamp="20 Jun 2023 05:58:02 GMT">
  <testcase classname="Build.Regression_OrangeHRM.TC_01_EndToEnd" name="sanityOperation" time="5.212"/>
  <testcase classname="Build.Regression_OrangeHRM.TC_02_Leave_Time" name="sanityOperation" time="4.464"/>
  <testcase classname="test_Components.BaseTest" name="@BeforeTest launchApplication" time="0.0">
    <ignored/>
  </testcase> <!-- @BeforeTest launchApplication -->
  <testcase classname="test_Components.BaseTest" name="@AfterSuite StopDockerDelete" time="0.0">
    <ignored/>
  </testcase> <!-- @AfterSuite StopDockerDelete -->
  <testcase classname="test_Components.BaseTest" name="@AfterTest teardown" time="0.0">
    <ignored/>
  </testcase> <!-- @AfterTest teardown -->
  <testcase classname="test_Components.BaseTest" name="@BeforeSuite startDockerScale" time="0.0">
    <ignored/>
  </testcase> <!-- @BeforeSuite startDockerScale -->
</testsuite> <!-- Test -->
